
4월 20, 2022 13:56:32.256 NEW SESSION
4월 20, 2022 13:56:32.256 [7216:1700:0420/135632.254:ERROR:device_event_log_impl.cc(214)] [13:56:32.254] Bluetooth: bluetooth_adapter_winrt.cc:1075 Getting Default Adapter failed.
4월 20, 2022 13:57:30.226 [7216:11952:0420/135730.225:ERROR:util.cc(126)] Can't create base directory: C:\Program Files\Google\GoogleUpdater
4월 20, 2022 15:19:03.385 [2800:1012:0420/151903.384:ERROR:device_event_log_impl.cc(214)] [15:19:03.384] Bluetooth: bluetooth_adapter_winrt.cc:1075 Getting Default Adapter failed.
4월 20, 2022 15:20:00.676 [2800:4680:0420/152000.676:ERROR:util.cc(126)] Can't create base directory: C:\Program Files\Google\GoogleUpdater
4월 20, 2022 15:20:24.72 [4884:10540:0420/152024.072:ERROR:device_event_log_impl.cc(214)] [15:20:24.073] Bluetooth: bluetooth_adapter_winrt.cc:1075 Getting Default Adapter failed.
4월 20, 2022 15:21:21.523 [4884:12328:0420/152121.523:ERROR:util.cc(126)] Can't create base directory: C:\Program Files\Google\GoogleUpdater
4월 20, 2022 15:25:46.770 [10028:8640:0420/152546.769:ERROR:device_event_log_impl.cc(214)] [15:25:46.769] Bluetooth: bluetooth_adapter_winrt.cc:1075 Getting Default Adapter failed.
4월 20, 2022 15:26:44.473 [10028:3728:0420/152644.473:ERROR:util.cc(126)] Can't create base directory: C:\Program Files\Google\GoogleUpdater
4월 20, 2022 15:34:22.845 [12184:7900:0420/153422.845:ERROR:device_event_log_impl.cc(214)] [15:34:22.845] Bluetooth: bluetooth_adapter_winrt.cc:1075 Getting Default Adapter failed.
4월 20, 2022 15:35:20.606 [12184:10456:0420/153520.606:ERROR:util.cc(126)] Can't create base directory: C:\Program Files\Google\GoogleUpdater

4월 20, 2022 17:04:16.83 NEW SESSION
4월 20, 2022 17:04:16.83 [12440:13108:0420/170416.082:ERROR:device_event_log_impl.cc(214)] [17:04:16.082] Bluetooth: bluetooth_adapter_winrt.cc:1075 Getting Default Adapter failed.
4월 20, 2022 17:05:27.513 [768:12236:0420/170527.513:ERROR:device_event_log_impl.cc(214)] [17:05:27.512] Bluetooth: bluetooth_adapter_winrt.cc:1075 Getting Default Adapter failed.
4월 20, 2022 17:06:24.731 [768:10976:0420/170624.731:ERROR:util.cc(126)] Can't create base directory: C:\Program Files\Google\GoogleUpdater

4월 21, 2022 14:02:21.812 NEW SESSION
4월 21, 2022 14:02:21.812 [5576:10860:0421/140221.811:ERROR:device_event_log_impl.cc(214)] [14:02:21.811] Bluetooth: bluetooth_adapter_winrt.cc:1075 Getting Default Adapter failed.
4월 21, 2022 14:05:26.867 [10808:11232:0421/140526.867:ERROR:device_event_log_impl.cc(214)] [14:05:26.867] Bluetooth: bluetooth_adapter_winrt.cc:1075 Getting Default Adapter failed.
4월 21, 2022 14:07:29.912 [6424:6624:0421/140729.912:ERROR:device_event_log_impl.cc(214)] [14:07:29.912] Bluetooth: bluetooth_adapter_winrt.cc:1075 Getting Default Adapter failed.
4월 21, 2022 14:08:27.623 [6424:5092:0421/140827.623:ERROR:util.cc(126)] Can't create base directory: C:\Program Files\Google\GoogleUpdater
4월 21, 2022 14:25:02.40 [9128:264:0421/142502.040:ERROR:device_event_log_impl.cc(214)] [14:25:02.039] Bluetooth: bluetooth_adapter_winrt.cc:1075 Getting Default Adapter failed.
4월 21, 2022 14:25:14.917 [11272:13772:0421/142514.917:ERROR:device_event_log_impl.cc(214)] [14:25:14.916] Bluetooth: bluetooth_adapter_winrt.cc:1075 Getting Default Adapter failed.
4월 21, 2022 14:26:12.824 [11272:680:0421/142612.824:ERROR:util.cc(126)] Can't create base directory: C:\Program Files\Google\GoogleUpdater
4월 21, 2022 14:27:16.124 [8424:12172:0421/142716.124:ERROR:device_event_log_impl.cc(214)] [14:27:16.123] Bluetooth: bluetooth_adapter_winrt.cc:1075 Getting Default Adapter failed.
4월 21, 2022 14:32:50.473 [2136:10140:0421/143250.473:ERROR:device_event_log_impl.cc(214)] [14:32:50.473] Bluetooth: bluetooth_adapter_winrt.cc:1075 Getting Default Adapter failed.
4월 21, 2022 14:34:10.590 [12728:1716:0421/143410.589:ERROR:device_event_log_impl.cc(214)] [14:34:10.589] Bluetooth: bluetooth_adapter_winrt.cc:1075 Getting Default Adapter failed.
4월 21, 2022 14:35:08.226 [12728:8516:0421/143508.225:ERROR:util.cc(126)] Can't create base directory: C:\Program Files\Google\GoogleUpdater
4월 21, 2022 14:44:07.502 [10552:13444:0421/144407.502:ERROR:device_event_log_impl.cc(214)] [14:44:07.502] Bluetooth: bluetooth_adapter_winrt.cc:1075 Getting Default Adapter failed.
4월 21, 2022 14:45:04.468 [10552:14260:0421/144504.467:ERROR:util.cc(126)] Can't create base directory: C:\Program Files\Google\GoogleUpdater

4월 21, 2022 16:30:32.507 NEW SESSION
4월 21, 2022 16:30:32.507 [8448:2004:0421/163032.506:ERROR:device_event_log_impl.cc(214)] [16:30:32.507] Bluetooth: bluetooth_adapter_winrt.cc:1075 Getting Default Adapter failed.
4월 21, 2022 16:31:30.453 [8448:7324:0421/163130.453:ERROR:util.cc(126)] Can't create base directory: C:\Program Files\Google\GoogleUpdater

4월 22, 2022 13:37:58.949 NEW SESSION
4월 22, 2022 13:37:58.949 [9492:9008:0422/133758.948:ERROR:device_event_log_impl.cc(214)] [13:37:58.948] Bluetooth: bluetooth_adapter_winrt.cc:1075 Getting Default Adapter failed.
4월 22, 2022 13:41:36.850 [11576:7184:0422/134136.850:ERROR:device_event_log_impl.cc(214)] [13:41:36.851] Bluetooth: bluetooth_adapter_winrt.cc:1075 Getting Default Adapter failed.
4월 22, 2022 13:47:13.43 [7236:10004:0422/134713.043:ERROR:device_event_log_impl.cc(214)] [13:47:13.043] Bluetooth: bluetooth_adapter_winrt.cc:1075 Getting Default Adapter failed.
4월 22, 2022 13:49:02.213 [10008:11260:0422/134902.213:ERROR:device_event_log_impl.cc(214)] [13:49:02.214] Bluetooth: bluetooth_adapter_winrt.cc:1075 Getting Default Adapter failed.
4월 22, 2022 13:49:56.675 [10008:8500:0422/134956.675:ERROR:util.cc(126)] Can't create base directory: C:\Program Files\Google\GoogleUpdater
4월 22, 2022 13:52:00.640 [13892:8576:0422/135200.640:ERROR:device_event_log_impl.cc(214)] [13:52:00.640] Bluetooth: bluetooth_adapter_winrt.cc:1075 Getting Default Adapter failed.
4월 22, 2022 13:53:38.121 [5164:6172:0422/135338.121:ERROR:device_event_log_impl.cc(214)] [13:53:38.121] Bluetooth: bluetooth_adapter_winrt.cc:1075 Getting Default Adapter failed.
4월 22, 2022 13:54:36.00 [5164:1132:0422/135436.000:ERROR:util.cc(126)] Can't create base directory: C:\Program Files\Google\GoogleUpdater
4월 22, 2022 13:55:02.922 [1020:12240:0422/135502.921:ERROR:device_event_log_impl.cc(214)] [13:55:02.921] Bluetooth: bluetooth_adapter_winrt.cc:1075 Getting Default Adapter failed.
4월 22, 2022 13:56:00.884 [1020:8684:0422/135600.884:ERROR:util.cc(126)] Can't create base directory: C:\Program Files\Google\GoogleUpdater
4월 22, 2022 13:58:37.398 [13480:3504:0422/135837.398:ERROR:device_event_log_impl.cc(214)] [13:58:37.398] Bluetooth: bluetooth_adapter_winrt.cc:1075 Getting Default Adapter failed.
4월 22, 2022 13:59:35.273 [13480:2244:0422/135935.273:ERROR:util.cc(126)] Can't create base directory: C:\Program Files\Google\GoogleUpdater
4월 22, 2022 13:59:54.657 [6092:5408:0422/135954.657:ERROR:device_event_log_impl.cc(214)] [13:59:54.658] Bluetooth: bluetooth_adapter_winrt.cc:1075 Getting Default Adapter failed.
4월 22, 2022 14:00:52.512 [6092:12576:0422/140052.511:ERROR:util.cc(126)] Can't create base directory: C:\Program Files\Google\GoogleUpdater
4월 22, 2022 14:01:00.400 [8972:8844:0422/140100.400:ERROR:device_event_log_impl.cc(214)] [14:01:00.400] Bluetooth: bluetooth_adapter_winrt.cc:1075 Getting Default Adapter failed.
4월 22, 2022 14:01:58.367 [8972:12464:0422/140158.366:ERROR:util.cc(126)] Can't create base directory: C:\Program Files\Google\GoogleUpdater
4월 22, 2022 14:02:28.561 [2284:664:0422/140228.561:ERROR:device_event_log_impl.cc(214)] [14:02:28.562] Bluetooth: bluetooth_adapter_winrt.cc:1075 Getting Default Adapter failed.
4월 22, 2022 14:03:26.447 [2284:3064:0422/140326.447:ERROR:util.cc(126)] Can't create base directory: C:\Program Files\Google\GoogleUpdater
4월 22, 2022 14:05:16.410 [6544:6340:0422/140516.410:ERROR:device_event_log_impl.cc(214)] [14:05:16.411] Bluetooth: bluetooth_adapter_winrt.cc:1075 Getting Default Adapter failed.
4월 22, 2022 14:05:35.283 [4680:14000:0422/140535.283:ERROR:device_event_log_impl.cc(214)] [14:05:35.283] Bluetooth: bluetooth_adapter_winrt.cc:1075 Getting Default Adapter failed.
4월 22, 2022 14:06:33.172 [4680:7884:0422/140633.172:ERROR:util.cc(126)] Can't create base directory: C:\Program Files\Google\GoogleUpdater
4월 22, 2022 16:51:27.582 [13652:1904:0422/165127.582:ERROR:device_event_log_impl.cc(214)] [16:51:27.582] Bluetooth: bluetooth_adapter_winrt.cc:1075 Getting Default Adapter failed.
4월 22, 2022 16:52:25.494 [13652:7044:0422/165225.494:ERROR:util.cc(126)] Can't create base directory: C:\Program Files\Google\GoogleUpdater

4월 25, 2022 14:16:19.577 NEW SESSION
4월 25, 2022 14:16:19.577 [1144:6056:0425/141619.576:ERROR:device_event_log_impl.cc(214)] [14:16:19.576] Bluetooth: bluetooth_adapter_winrt.cc:1075 Getting Default Adapter failed.
4월 25, 2022 14:17:17.529 [1144:11948:0425/141717.528:ERROR:util.cc(126)] Can't create base directory: C:\Program Files\Google\GoogleUpdater
4월 25, 2022 15:28:03.639 [1144:6056:0425/152803.639:ERROR:interface_endpoint_client.cc(659)] Message 1 rejected by interface blink.mojom.WidgetHost
4월 25, 2022 15:28:08.434 [1144:6056:0425/152808.434:ERROR:interface_endpoint_client.cc(659)] Message 0 rejected by interface blink.mojom.WidgetHost

4월 25, 2022 17:41:35.107 NEW SESSION
4월 25, 2022 17:41:35.107 [11096:1132:0425/174135.106:ERROR:device_event_log_impl.cc(214)] [17:41:35.106] Bluetooth: bluetooth_adapter_winrt.cc:1075 Getting Default Adapter failed.
4월 25, 2022 17:42:31.982 [11096:12116:0425/174231.982:ERROR:util.cc(126)] Can't create base directory: C:\Program Files\Google\GoogleUpdater
4월 25, 2022 18:26:42.630 [6320:12560:0425/182642.630:ERROR:device_event_log_impl.cc(214)] [18:26:42.631] Bluetooth: bluetooth_adapter_winrt.cc:1075 Getting Default Adapter failed.
4월 25, 2022 18:27:25.215 [12780:2824:0425/182725.215:ERROR:device_event_log_impl.cc(214)] [18:27:25.215] Bluetooth: bluetooth_adapter_winrt.cc:1075 Getting Default Adapter failed.
4월 25, 2022 18:28:23.188 [12780:11672:0425/182823.187:ERROR:util.cc(126)] Can't create base directory: C:\Program Files\Google\GoogleUpdater

4월 26, 2022 14:44:22.256 NEW SESSION
4월 26, 2022 14:44:22.256 [10024:14148:0426/144422.255:ERROR:device_event_log_impl.cc(214)] [14:44:22.255] Bluetooth: bluetooth_adapter_winrt.cc:1075 Getting Default Adapter failed.
4월 26, 2022 14:45:19.434 [10024:8532:0426/144519.434:ERROR:util.cc(126)] Can't create base directory: C:\Program Files\Google\GoogleUpdater
4월 26, 2022 15:04:25.820 [10656:13292:0426/150425.820:ERROR:device_event_log_impl.cc(214)] [15:04:25.821] Bluetooth: bluetooth_adapter_winrt.cc:1075 Getting Default Adapter failed.
4월 26, 2022 15:05:23.533 [10656:8360:0426/150523.533:ERROR:util.cc(126)] Can't create base directory: C:\Program Files\Google\GoogleUpdater
4월 26, 2022 15:11:48.546 [5592:2152:0426/151148.546:ERROR:device_event_log_impl.cc(214)] [15:11:48.546] Bluetooth: bluetooth_adapter_winrt.cc:1075 Getting Default Adapter failed.
4월 26, 2022 15:12:44.675 [5592:7364:0426/151244.675:ERROR:util.cc(126)] Can't create base directory: C:\Program Files\Google\GoogleUpdater
4월 26, 2022 15:17:06.530 [9732:6152:0426/151706.530:ERROR:device_event_log_impl.cc(214)] [15:17:06.530] Bluetooth: bluetooth_adapter_winrt.cc:1075 Getting Default Adapter failed.
4월 26, 2022 15:18:04.377 [9732:8656:0426/151804.377:ERROR:util.cc(126)] Can't create base directory: C:\Program Files\Google\GoogleUpdater
4월 26, 2022 15:21:28.508 [6876:11392:0426/152128.508:ERROR:device_event_log_impl.cc(214)] [15:21:28.508] Bluetooth: bluetooth_adapter_winrt.cc:1075 Getting Default Adapter failed.
4월 26, 2022 15:22:24.741 [6876:10756:0426/152224.740:ERROR:util.cc(126)] Can't create base directory: C:\Program Files\Google\GoogleUpdater
4월 26, 2022 15:40:12.441 [12352:6048:0426/154012.441:ERROR:device_event_log_impl.cc(214)] [15:40:12.440] Bluetooth: bluetooth_adapter_winrt.cc:1075 Getting Default Adapter failed.
4월 26, 2022 15:41:08.317 [12352:7196:0426/154108.316:ERROR:util.cc(126)] Can't create base directory: C:\Program Files\Google\GoogleUpdater
4월 26, 2022 17:19:12.781 [1476:7900:0426/171912.781:ERROR:device_event_log_impl.cc(214)] [17:19:12.781] Bluetooth: bluetooth_adapter_winrt.cc:1075 Getting Default Adapter failed.
4월 26, 2022 17:20:09.742 [1476:13016:0426/172009.742:ERROR:util.cc(126)] Can't create base directory: C:\Program Files\Google\GoogleUpdater

4월 27, 2022 13:47:38.670 NEW SESSION
4월 27, 2022 13:47:38.670 [12164:5008:0427/134738.669:ERROR:device_event_log_impl.cc(214)] [13:47:38.669] Bluetooth: bluetooth_adapter_winrt.cc:1075 Getting Default Adapter failed.
4월 27, 2022 13:48:36.546 [12164:13188:0427/134836.545:ERROR:util.cc(126)] Can't create base directory: C:\Program Files\Google\GoogleUpdater
4월 27, 2022 14:59:55.356 [12240:13020:0427/145955.356:ERROR:device_event_log_impl.cc(214)] [14:59:55.357] Bluetooth: bluetooth_adapter_winrt.cc:1075 Getting Default Adapter failed.
4월 27, 2022 15:00:53.254 [12240:9988:0427/150053.254:ERROR:util.cc(126)] Can't create base directory: C:\Program Files\Google\GoogleUpdater
4월 27, 2022 16:45:56.182 [5092:13352:0427/164556.182:ERROR:device_event_log_impl.cc(214)] [16:45:56.182] Bluetooth: bluetooth_adapter_winrt.cc:1075 Getting Default Adapter failed.
4월 27, 2022 16:46:54.161 [5092:12128:0427/164654.161:ERROR:util.cc(126)] Can't create base directory: C:\Program Files\Google\GoogleUpdater

4월 28, 2022 09:53:32.512 NEW SESSION
4월 28, 2022 09:53:32.512 [1892:8052:0428/095332.512:ERROR:device_event_log_impl.cc(214)] [09:53:32.511] Bluetooth: bluetooth_adapter_winrt.cc:1075 Getting Default Adapter failed.
4월 28, 2022 09:54:30.481 [1892:14252:0428/095430.481:ERROR:util.cc(126)] Can't create base directory: C:\Program Files\Google\GoogleUpdater

4월 28, 2022 13:33:02.526 NEW SESSION
4월 28, 2022 13:33:02.526 [2260:6300:0428/133302.525:ERROR:device_event_log_impl.cc(214)] [13:33:02.526] Bluetooth: bluetooth_adapter_winrt.cc:1075 Getting Default Adapter failed.
4월 28, 2022 13:33:58.841 [2260:7744:0428/133358.841:ERROR:util.cc(126)] Can't create base directory: C:\Program Files\Google\GoogleUpdater
4월 28, 2022 13:38:46.715 [2260:6300:0428/133846.715:ERROR:interface_endpoint_client.cc(659)] Message 1 rejected by interface blink.mojom.WidgetHost
4월 28, 2022 17:20:52.986 [14212:8768:0428/172052.986:ERROR:device_event_log_impl.cc(214)] [17:20:52.986] Bluetooth: bluetooth_adapter_winrt.cc:1075 Getting Default Adapter failed.
4월 28, 2022 17:21:49.512 [14212:12924:0428/172149.512:ERROR:util.cc(126)] Can't create base directory: C:\Program Files\Google\GoogleUpdater

4월 29, 2022 10:09:37.578 NEW SESSION
4월 29, 2022 10:09:37.578 [2308:10816:0429/100937.577:ERROR:device_event_log_impl.cc(214)] [10:09:37.577] Bluetooth: bluetooth_adapter_winrt.cc:1075 Getting Default Adapter failed.
4월 29, 2022 10:10:55.672 [11416:14184:0429/101055.672:ERROR:device_event_log_impl.cc(214)] [10:10:55.671] Bluetooth: bluetooth_adapter_winrt.cc:1075 Getting Default Adapter failed.
4월 29, 2022 10:12:00.322 [9144:5092:0429/101200.322:ERROR:device_event_log_impl.cc(214)] [10:12:00.323] Bluetooth: bluetooth_adapter_winrt.cc:1075 Getting Default Adapter failed.
4월 29, 2022 10:38:35.274 [12344:13636:0429/103835.274:ERROR:device_event_log_impl.cc(214)] [10:38:35.274] Bluetooth: bluetooth_adapter_winrt.cc:1075 Getting Default Adapter failed.
4월 29, 2022 10:39:31.904 [12344:3312:0429/103931.904:ERROR:util.cc(126)] Can't create base directory: C:\Program Files\Google\GoogleUpdater
4월 29, 2022 10:43:56.521 [11356:7792:0429/104356.521:ERROR:device_event_log_impl.cc(214)] [10:43:56.521] Bluetooth: bluetooth_adapter_winrt.cc:1075 Getting Default Adapter failed.
4월 29, 2022 10:44:54.496 [11356:7572:0429/104454.495:ERROR:util.cc(126)] Can't create base directory: C:\Program Files\Google\GoogleUpdater
4월 29, 2022 10:57:25.577 [8008:484:0429/105725.577:ERROR:device_event_log_impl.cc(214)] [10:57:25.577] Bluetooth: bluetooth_adapter_winrt.cc:1075 Getting Default Adapter failed.
4월 29, 2022 10:58:23.465 [8008:8768:0429/105823.465:ERROR:util.cc(126)] Can't create base directory: C:\Program Files\Google\GoogleUpdater
4월 29, 2022 11:11:41.279 [6540:12612:0429/111141.278:ERROR:device_event_log_impl.cc(214)] [11:11:41.278] Bluetooth: bluetooth_adapter_winrt.cc:1075 Getting Default Adapter failed.
4월 29, 2022 11:12:38.948 [6540:7336:0429/111238.947:ERROR:util.cc(126)] Can't create base directory: C:\Program Files\Google\GoogleUpdater
4월 29, 2022 11:14:34.550 [11036:11740:0429/111434.550:ERROR:device_event_log_impl.cc(214)] [11:14:34.550] Bluetooth: bluetooth_adapter_winrt.cc:1075 Getting Default Adapter failed.
4월 29, 2022 11:15:32.523 [11036:6308:0429/111532.523:ERROR:util.cc(126)] Can't create base directory: C:\Program Files\Google\GoogleUpdater
4월 29, 2022 11:20:50.394 [11932:8180:0429/112050.394:ERROR:device_event_log_impl.cc(214)] [11:20:50.394] Bluetooth: bluetooth_adapter_winrt.cc:1075 Getting Default Adapter failed.
4월 29, 2022 11:21:47.147 [11932:13140:0429/112147.146:ERROR:util.cc(126)] Can't create base directory: C:\Program Files\Google\GoogleUpdater
4월 29, 2022 11:39:50.365 [5780:7828:0429/113950.365:ERROR:device_event_log_impl.cc(214)] [11:39:50.365] Bluetooth: bluetooth_adapter_winrt.cc:1075 Getting Default Adapter failed.
4월 29, 2022 11:40:00.622 [3108:10108:0429/114000.622:ERROR:device_event_log_impl.cc(214)] [11:40:00.622] Bluetooth: bluetooth_adapter_winrt.cc:1075 Getting Default Adapter failed.
4월 29, 2022 11:40:58.618 [3108:11012:0429/114058.618:ERROR:util.cc(126)] Can't create base directory: C:\Program Files\Google\GoogleUpdater
4월 29, 2022 11:45:44.324 [6936:2656:0429/114544.323:ERROR:device_event_log_impl.cc(214)] [11:45:44.323] Bluetooth: bluetooth_adapter_winrt.cc:1075 Getting Default Adapter failed.
4월 29, 2022 11:47:51.364 [11896:10472:0429/114751.364:ERROR:device_event_log_impl.cc(214)] [11:47:51.364] Bluetooth: bluetooth_adapter_winrt.cc:1075 Getting Default Adapter failed.
4월 29, 2022 11:48:49.293 [11896:7888:0429/114849.293:ERROR:util.cc(126)] Can't create base directory: C:\Program Files\Google\GoogleUpdater
4월 29, 2022 16:48:49.298 [11896:10964:0429/164849.297:ERROR:util.cc(126)] Can't create base directory: C:\Program Files\Google\GoogleUpdater

5월 06, 2022 16:07:23.246 NEW SESSION
5월 06, 2022 16:07:23.247 [11684:8088:0506/160723.245:ERROR:device_event_log_impl.cc(214)] [16:07:23.245] Bluetooth: bluetooth_adapter_winrt.cc:1075 Getting Default Adapter failed.
5월 06, 2022 16:08:21.191 [11684:10960:0506/160821.190:ERROR:util.cc(126)] Can't create base directory: C:\Program Files\Google\GoogleUpdater
5월 06, 2022 16:19:48.451 [6332:12476:0506/161948.451:ERROR:device_event_log_impl.cc(214)] [16:19:48.451] Bluetooth: bluetooth_adapter_winrt.cc:1075 Getting Default Adapter failed.
5월 06, 2022 16:20:46.404 [6332:13352:0506/162046.404:ERROR:util.cc(126)] Can't create base directory: C:\Program Files\Google\GoogleUpdater
5월 06, 2022 16:26:36.839 [2588:5596:0506/162636.839:ERROR:device_event_log_impl.cc(214)] [16:26:36.839] Bluetooth: bluetooth_adapter_winrt.cc:1075 Getting Default Adapter failed.
5월 06, 2022 16:27:34.466 [2588:5548:0506/162734.466:ERROR:util.cc(126)] Can't create base directory: C:\Program Files\Google\GoogleUpdater
5월 06, 2022 17:00:59.638 [14888:932:0506/170059.638:ERROR:device_event_log_impl.cc(214)] [17:00:59.638] Bluetooth: bluetooth_adapter_winrt.cc:1075 Getting Default Adapter failed.
5월 06, 2022 17:02:09.28 [11868:7356:0506/170209.028:ERROR:device_event_log_impl.cc(214)] [17:02:09.028] Bluetooth: bluetooth_adapter_winrt.cc:1075 Getting Default Adapter failed.
5월 06, 2022 17:03:06.994 [11868:13924:0506/170306.993:ERROR:util.cc(126)] Can't create base directory: C:\Program Files\Google\GoogleUpdater
5월 06, 2022 17:34:48.394 [14020:3420:0506/173448.394:ERROR:device_event_log_impl.cc(214)] [17:34:48.394] Bluetooth: bluetooth_adapter_winrt.cc:1075 Getting Default Adapter failed.
5월 06, 2022 17:35:46.269 [14020:7040:0506/173546.269:ERROR:util.cc(126)] Can't create base directory: C:\Program Files\Google\GoogleUpdater
5월 06, 2022 17:38:45.674 [14332:3816:0506/173845.674:ERROR:device_event_log_impl.cc(214)] [17:38:45.674] Bluetooth: bluetooth_adapter_winrt.cc:1075 Getting Default Adapter failed.
5월 06, 2022 17:57:44.696 [11452:12744:0506/175744.696:ERROR:device_event_log_impl.cc(214)] [17:57:44.695] Bluetooth: bluetooth_adapter_winrt.cc:1075 Getting Default Adapter failed.
5월 06, 2022 17:58:42.596 [11452:6940:0506/175842.596:ERROR:util.cc(126)] Can't create base directory: C:\Program Files\Google\GoogleUpdater
5월 06, 2022 18:10:42.938 [8476:8820:0506/181042.938:ERROR:device_event_log_impl.cc(214)] [18:10:42.938] Bluetooth: bluetooth_adapter_winrt.cc:1075 Getting Default Adapter failed.
5월 06, 2022 18:11:39.576 [8476:13020:0506/181139.575:ERROR:util.cc(126)] Can't create base directory: C:\Program Files\Google\GoogleUpdater
5월 06, 2022 18:19:56.992 [2152:1172:0506/181956.992:ERROR:device_event_log_impl.cc(214)] [18:19:56.992] Bluetooth: bluetooth_adapter_winrt.cc:1075 Getting Default Adapter failed.

5월 09, 2022 10:06:38.337 NEW SESSION
5월 09, 2022 10:06:38.338 [10340:4752:0509/100638.336:ERROR:device_event_log_impl.cc(214)] [10:06:38.336] Bluetooth: bluetooth_adapter_winrt.cc:1075 Getting Default Adapter failed.
5월 09, 2022 10:07:35.913 [10340:14544:0509/100735.913:ERROR:util.cc(126)] Can't create base directory: C:\Program Files\Google\GoogleUpdater
5월 09, 2022 11:13:30.150 [8884:2960:0509/111330.150:ERROR:device_event_log_impl.cc(214)] [11:13:30.151] Bluetooth: bluetooth_adapter_winrt.cc:1075 Getting Default Adapter failed.
5월 09, 2022 11:14:28.108 [8884:13036:0509/111428.108:ERROR:util.cc(126)] Can't create base directory: C:\Program Files\Google\GoogleUpdater
5월 09, 2022 11:42:51.542 [3868:12000:0509/114251.542:ERROR:device_event_log_impl.cc(214)] [11:42:51.542] Bluetooth: bluetooth_adapter_winrt.cc:1075 Getting Default Adapter failed.
5월 09, 2022 11:43:49.520 [3868:13056:0509/114349.520:ERROR:util.cc(126)] Can't create base directory: C:\Program Files\Google\GoogleUpdater

5월 09, 2022 13:01:26.778 NEW SESSION
5월 09, 2022 13:01:26.778 [12536:14340:0509/130126.777:ERROR:device_event_log_impl.cc(214)] [13:01:26.777] Bluetooth: bluetooth_adapter_winrt.cc:1075 Getting Default Adapter failed.
5월 09, 2022 13:02:24.728 [12536:11932:0509/130224.727:ERROR:util.cc(126)] Can't create base directory: C:\Program Files\Google\GoogleUpdater
5월 09, 2022 13:11:23.467 [12536:14340:0509/131123.467:ERROR:interface_endpoint_client.cc(665)] Message 1 rejected by interface blink.mojom.WidgetHost
5월 09, 2022 14:58:25.100 [11652:832:0509/145825.099:ERROR:device_event_log_impl.cc(214)] [14:58:25.099] Bluetooth: bluetooth_adapter_winrt.cc:1075 Getting Default Adapter failed.
5월 09, 2022 14:59:23.44 [11652:7220:0509/145923.044:ERROR:util.cc(126)] Can't create base directory: C:\Program Files\Google\GoogleUpdater
5월 09, 2022 15:09:15.668 [3708:13828:0509/150915.668:ERROR:device_event_log_impl.cc(214)] [15:09:15.668] Bluetooth: bluetooth_adapter_winrt.cc:1075 Getting Default Adapter failed.
5월 09, 2022 15:09:50.606 [9372:9368:0509/150950.606:ERROR:device_event_log_impl.cc(214)] [15:09:50.606] Bluetooth: bluetooth_adapter_winrt.cc:1075 Getting Default Adapter failed.
5월 09, 2022 15:10:48.494 [9372:14484:0509/151048.493:ERROR:util.cc(126)] Can't create base directory: C:\Program Files\Google\GoogleUpdater
5월 09, 2022 15:27:02.109 [9232:7936:0509/152702.109:ERROR:device_event_log_impl.cc(214)] [15:27:02.109] Bluetooth: bluetooth_adapter_winrt.cc:1075 Getting Default Adapter failed.
5월 09, 2022 15:28:00.02 [9232:10588:0509/152800.001:ERROR:util.cc(126)] Can't create base directory: C:\Program Files\Google\GoogleUpdater
5월 09, 2022 15:40:35.705 [10812:13376:0509/154035.705:ERROR:device_event_log_impl.cc(214)] [15:40:35.706] Bluetooth: bluetooth_adapter_winrt.cc:1075 Getting Default Adapter failed.
5월 09, 2022 15:40:58.470 [1976:5376:0509/154058.470:ERROR:device_event_log_impl.cc(214)] [15:40:58.470] Bluetooth: bluetooth_adapter_winrt.cc:1075 Getting Default Adapter failed.
5월 09, 2022 15:41:14.731 [312:5432:0509/154114.731:ERROR:device_event_log_impl.cc(214)] [15:41:14.730] Bluetooth: bluetooth_adapter_winrt.cc:1075 Getting Default Adapter failed.
5월 09, 2022 15:41:35.729 [14288:11964:0509/154135.729:ERROR:device_event_log_impl.cc(214)] [15:41:35.729] Bluetooth: bluetooth_adapter_winrt.cc:1075 Getting Default Adapter failed.
5월 09, 2022 15:42:33.622 [14288:5588:0509/154233.622:ERROR:util.cc(126)] Can't create base directory: C:\Program Files\Google\GoogleUpdater
5월 09, 2022 15:55:57.919 [14580:13392:0509/155557.919:ERROR:device_event_log_impl.cc(214)] [15:55:57.919] Bluetooth: bluetooth_adapter_winrt.cc:1075 Getting Default Adapter failed.
5월 09, 2022 15:56:41.822 [10276:10924:0509/155641.822:ERROR:device_event_log_impl.cc(214)] [15:56:41.823] Bluetooth: bluetooth_adapter_winrt.cc:1075 Getting Default Adapter failed.
5월 09, 2022 15:57:39.784 [10276:3268:0509/155739.784:ERROR:util.cc(126)] Can't create base directory: C:\Program Files\Google\GoogleUpdater
5월 09, 2022 16:00:31.49 [6116:6132:0509/160031.049:ERROR:device_event_log_impl.cc(214)] [16:00:31.048] Bluetooth: bluetooth_adapter_winrt.cc:1075 Getting Default Adapter failed.
5월 09, 2022 16:01:31.789 [1412:8512:0509/160131.788:ERROR:device_event_log_impl.cc(214)] [16:01:31.788] Bluetooth: bluetooth_adapter_winrt.cc:1075 Getting Default Adapter failed.
5월 09, 2022 16:02:29.668 [1412:13536:0509/160229.668:ERROR:util.cc(126)] Can't create base directory: C:\Program Files\Google\GoogleUpdater
5월 09, 2022 16:16:06.112 [10416:12964:0509/161606.112:ERROR:device_event_log_impl.cc(214)] [16:16:06.111] Bluetooth: bluetooth_adapter_winrt.cc:1075 Getting Default Adapter failed.
5월 09, 2022 16:17:04.45 [10416:10776:0509/161704.045:ERROR:util.cc(126)] Can't create base directory: C:\Program Files\Google\GoogleUpdater
5월 09, 2022 16:32:00.498 [4140:14836:0509/163200.498:ERROR:device_event_log_impl.cc(214)] [16:32:00.497] Bluetooth: bluetooth_adapter_winrt.cc:1075 Getting Default Adapter failed.
5월 09, 2022 16:32:58.463 [4140:14244:0509/163258.463:ERROR:util.cc(126)] Can't create base directory: C:\Program Files\Google\GoogleUpdater
5월 09, 2022 16:33:56.116 [3704:7956:0509/163356.116:ERROR:device_event_log_impl.cc(214)] [16:33:56.116] Bluetooth: bluetooth_adapter_winrt.cc:1075 Getting Default Adapter failed.
5월 09, 2022 16:34:54.17 [3704:8448:0509/163454.017:ERROR:util.cc(126)] Can't create base directory: C:\Program Files\Google\GoogleUpdater
5월 09, 2022 16:37:05.726 [3704:7956:0509/163705.726:ERROR:interface_endpoint_client.cc(665)] Message 5 rejected by interface blink.mojom.WidgetHost
5월 09, 2022 17:03:36.465 [15240:8112:0509/170336.465:ERROR:device_event_log_impl.cc(214)] [17:03:36.465] Bluetooth: bluetooth_adapter_winrt.cc:1075 Getting Default Adapter failed.
5월 09, 2022 17:04:34.374 [15240:9996:0509/170434.374:ERROR:util.cc(126)] Can't create base directory: C:\Program Files\Google\GoogleUpdater
5월 09, 2022 17:45:58.282 [6056:13232:0509/174558.282:ERROR:device_event_log_impl.cc(214)] [17:45:58.283] Bluetooth: bluetooth_adapter_winrt.cc:1075 Getting Default Adapter failed.
5월 09, 2022 17:46:56.144 [6056:11596:0509/174656.143:ERROR:util.cc(126)] Can't create base directory: C:\Program Files\Google\GoogleUpdater
5월 09, 2022 18:27:13.57 [13136:10940:0509/182713.057:ERROR:device_event_log_impl.cc(214)] [18:27:13.057] Bluetooth: bluetooth_adapter_winrt.cc:1075 Getting Default Adapter failed.
5월 09, 2022 18:27:43.705 [3236:11300:0509/182743.705:ERROR:device_event_log_impl.cc(214)] [18:27:43.705] Bluetooth: bluetooth_adapter_winrt.cc:1075 Getting Default Adapter failed.
5월 09, 2022 18:28:20.609 [5524:6928:0509/182820.608:ERROR:device_event_log_impl.cc(214)] [18:28:20.608] Bluetooth: bluetooth_adapter_winrt.cc:1075 Getting Default Adapter failed.

5월 19, 2022 09:59:25.182 NEW SESSION
5월 19, 2022 09:59:25.182 [5432:10356:0519/095925.181:ERROR:device_event_log_impl.cc(214)] [09:59:25.181] Bluetooth: bluetooth_adapter_winrt.cc:1075 Getting Default Adapter failed.

5월 19, 2022 10:15:41.641 NEW SESSION
5월 19, 2022 10:15:41.641 [10936:15088:0519/101541.640:ERROR:device_event_log_impl.cc(214)] [10:15:41.640] Bluetooth: bluetooth_adapter_winrt.cc:1075 Getting Default Adapter failed.
5월 19, 2022 10:16:22.539 [8404:12280:0519/101622.539:ERROR:device_event_log_impl.cc(214)] [10:16:22.539] Bluetooth: bluetooth_adapter_winrt.cc:1075 Getting Default Adapter failed.
5월 19, 2022 10:44:54.732 [5956:9116:0519/104454.732:ERROR:device_event_log_impl.cc(214)] [10:44:54.731] Bluetooth: bluetooth_adapter_winrt.cc:1075 Getting Default Adapter failed.
5월 19, 2022 10:46:04.108 [10484:7040:0519/104604.107:ERROR:device_event_log_impl.cc(214)] [10:46:04.107] Bluetooth: bluetooth_adapter_winrt.cc:1075 Getting Default Adapter failed.
5월 19, 2022 10:47:01.503 [10484:6828:0519/104701.502:ERROR:util.cc(126)] Can't create base directory: C:\Program Files\Google\GoogleUpdater
5월 19, 2022 10:53:56.344 [6148:11488:0519/105356.344:ERROR:device_event_log_impl.cc(214)] [10:53:56.344] Bluetooth: bluetooth_adapter_winrt.cc:1075 Getting Default Adapter failed.
5월 19, 2022 10:54:40.630 [9992:7296:0519/105440.629:ERROR:device_event_log_impl.cc(214)] [10:54:40.629] Bluetooth: bluetooth_adapter_winrt.cc:1075 Getting Default Adapter failed.
5월 19, 2022 10:55:33.79 [8388:12312:0519/105533.079:ERROR:device_event_log_impl.cc(214)] [10:55:33.079] Bluetooth: bluetooth_adapter_winrt.cc:1075 Getting Default Adapter failed.
5월 19, 2022 10:56:13.822 [3768:11636:0519/105613.822:ERROR:device_event_log_impl.cc(214)] [10:56:13.822] Bluetooth: bluetooth_adapter_winrt.cc:1075 Getting Default Adapter failed.
5월 19, 2022 10:57:11.746 [3768:14524:0519/105711.746:ERROR:util.cc(126)] Can't create base directory: C:\Program Files\Google\GoogleUpdater
5월 19, 2022 11:24:08.613 [11260:6888:0519/112408.613:ERROR:device_event_log_impl.cc(214)] [11:24:08.612] Bluetooth: bluetooth_adapter_winrt.cc:1075 Getting Default Adapter failed.
5월 19, 2022 11:25:06.510 [11260:12660:0519/112506.510:ERROR:util.cc(126)] Can't create base directory: C:\Program Files\Google\GoogleUpdater
5월 19, 2022 11:25:14.943 [5924:14620:0519/112514.943:ERROR:device_event_log_impl.cc(214)] [11:25:14.942] Bluetooth: bluetooth_adapter_winrt.cc:1075 Getting Default Adapter failed.
5월 19, 2022 11:26:12.837 [5924:3900:0519/112612.837:ERROR:util.cc(126)] Can't create base directory: C:\Program Files\Google\GoogleUpdater
5월 19, 2022 11:27:26.987 [6664:11056:0519/112726.987:ERROR:device_event_log_impl.cc(214)] [11:27:26.986] Bluetooth: bluetooth_adapter_winrt.cc:1075 Getting Default Adapter failed.
5월 19, 2022 11:28:24.875 [6664:9148:0519/112824.875:ERROR:util.cc(126)] Can't create base directory: C:\Program Files\Google\GoogleUpdater
5월 19, 2022 12:29:15.327 [14484:8164:0519/122915.327:ERROR:device_event_log_impl.cc(214)] [12:29:15.327] Bluetooth: bluetooth_adapter_winrt.cc:1075 Getting Default Adapter failed.
5월 19, 2022 12:30:12.809 [14484:10336:0519/123012.809:ERROR:util.cc(126)] Can't create base directory: C:\Program Files\Google\GoogleUpdater
5월 19, 2022 12:48:28.350 [9152:7068:0519/124828.350:ERROR:device_event_log_impl.cc(214)] [12:48:28.350] Bluetooth: bluetooth_adapter_winrt.cc:1075 Getting Default Adapter failed.
5월 19, 2022 12:50:03.472 [5968:11340:0519/125003.472:ERROR:device_event_log_impl.cc(214)] [12:50:03.472] Bluetooth: bluetooth_adapter_winrt.cc:1075 Getting Default Adapter failed.
5월 19, 2022 12:51:01.370 [5968:9948:0519/125101.369:ERROR:util.cc(126)] Can't create base directory: C:\Program Files\Google\GoogleUpdater
5월 19, 2022 12:51:56.925 [10908:10128:0519/125156.925:ERROR:device_event_log_impl.cc(214)] [12:51:56.925] Bluetooth: bluetooth_adapter_winrt.cc:1075 Getting Default Adapter failed.
5월 19, 2022 12:52:54.813 [10908:10144:0519/125254.813:ERROR:util.cc(126)] Can't create base directory: C:\Program Files\Google\GoogleUpdater
5월 19, 2022 13:29:24.757 [9488:6400:0519/132924.757:ERROR:device_event_log_impl.cc(214)] [13:29:24.757] Bluetooth: bluetooth_adapter_winrt.cc:1075 Getting Default Adapter failed.
5월 19, 2022 13:30:22.651 [9488:4632:0519/133022.651:ERROR:util.cc(126)] Can't create base directory: C:\Program Files\Google\GoogleUpdater
5월 19, 2022 13:30:51.663 [6188:13880:0519/133051.663:ERROR:device_event_log_impl.cc(214)] [13:30:51.664] Bluetooth: bluetooth_adapter_winrt.cc:1075 Getting Default Adapter failed.
5월 19, 2022 13:31:56.107 [8624:6972:0519/133156.107:ERROR:device_event_log_impl.cc(214)] [13:31:56.107] Bluetooth: bluetooth_adapter_winrt.cc:1075 Getting Default Adapter failed.
5월 19, 2022 13:32:11.378 [14700:4356:0519/133211.378:ERROR:device_event_log_impl.cc(214)] [13:32:11.378] Bluetooth: bluetooth_adapter_winrt.cc:1075 Getting Default Adapter failed.
5월 19, 2022 13:33:06.400 [14700:8328:0519/133306.400:ERROR:util.cc(126)] Can't create base directory: C:\Program Files\Google\GoogleUpdater
5월 19, 2022 13:33:36.255 [7312:10084:0519/133336.255:ERROR:device_event_log_impl.cc(214)] [13:33:36.256] Bluetooth: bluetooth_adapter_winrt.cc:1075 Getting Default Adapter failed.
5월 19, 2022 13:34:34.84 [7312:2756:0519/133434.084:ERROR:util.cc(126)] Can't create base directory: C:\Program Files\Google\GoogleUpdater
5월 19, 2022 13:38:05.693 [6428:5464:0519/133805.692:ERROR:device_event_log_impl.cc(214)] [13:38:05.693] Bluetooth: bluetooth_adapter_winrt.cc:1075 Getting Default Adapter failed.
5월 19, 2022 13:39:03.302 [11660:9060:0519/133903.301:ERROR:device_event_log_impl.cc(214)] [13:39:03.302] Bluetooth: bluetooth_adapter_winrt.cc:1075 Getting Default Adapter failed.
5월 19, 2022 13:39:21.506 [6676:13984:0519/133921.506:ERROR:device_event_log_impl.cc(214)] [13:39:21.506] Bluetooth: bluetooth_adapter_winrt.cc:1075 Getting Default Adapter failed.
5월 19, 2022 13:44:55.198 [6336:10500:0519/134455.198:ERROR:device_event_log_impl.cc(214)] [13:44:55.197] Bluetooth: bluetooth_adapter_winrt.cc:1075 Getting Default Adapter failed.
5월 19, 2022 13:50:20.870 [10144:12632:0519/135020.870:ERROR:device_event_log_impl.cc(214)] [13:50:20.870] Bluetooth: bluetooth_adapter_winrt.cc:1075 Getting Default Adapter failed.
5월 19, 2022 13:51:18.703 [10144:3792:0519/135118.703:ERROR:util.cc(126)] Can't create base directory: C:\Program Files\Google\GoogleUpdater
5월 19, 2022 13:51:56.734 [12188:8924:0519/135156.734:ERROR:device_event_log_impl.cc(214)] [13:51:56.735] Bluetooth: bluetooth_adapter_winrt.cc:1075 Getting Default Adapter failed.
5월 19, 2022 13:52:54.496 [12188:8972:0519/135254.496:ERROR:util.cc(126)] Can't create base directory: C:\Program Files\Google\GoogleUpdater
5월 19, 2022 13:54:25.441 [9184:14828:0519/135425.441:ERROR:device_event_log_impl.cc(214)] [13:54:25.442] Bluetooth: bluetooth_adapter_winrt.cc:1075 Getting Default Adapter failed.
5월 19, 2022 13:55:23.407 [9184:2748:0519/135523.407:ERROR:util.cc(126)] Can't create base directory: C:\Program Files\Google\GoogleUpdater
5월 19, 2022 13:55:31.831 [9296:14552:0519/135531.831:ERROR:device_event_log_impl.cc(214)] [13:55:31.831] Bluetooth: bluetooth_adapter_winrt.cc:1075 Getting Default Adapter failed.
5월 19, 2022 13:55:58.954 [9688:14956:0519/135558.954:ERROR:device_event_log_impl.cc(214)] [13:55:58.954] Bluetooth: bluetooth_adapter_winrt.cc:1075 Getting Default Adapter failed.
5월 19, 2022 13:56:35.799 [14032:14808:0519/135635.799:ERROR:device_event_log_impl.cc(214)] [13:56:35.799] Bluetooth: bluetooth_adapter_winrt.cc:1075 Getting Default Adapter failed.
5월 19, 2022 13:57:15.118 [6264:12768:0519/135715.118:ERROR:device_event_log_impl.cc(214)] [13:57:15.118] Bluetooth: bluetooth_adapter_winrt.cc:1075 Getting Default Adapter failed.
5월 19, 2022 13:58:12.960 [6264:13644:0519/135812.960:ERROR:util.cc(126)] Can't create base directory: C:\Program Files\Google\GoogleUpdater
5월 19, 2022 13:59:10.181 [15000:12772:0519/135910.181:ERROR:device_event_log_impl.cc(214)] [13:59:10.181] Bluetooth: bluetooth_adapter_winrt.cc:1075 Getting Default Adapter failed.
5월 19, 2022 14:00:08.24 [15000:6572:0519/140008.024:ERROR:util.cc(126)] Can't create base directory: C:\Program Files\Google\GoogleUpdater
5월 19, 2022 14:00:26.532 [12188:15164:0519/140026.532:ERROR:device_event_log_impl.cc(214)] [14:00:26.532] Bluetooth: bluetooth_adapter_winrt.cc:1075 Getting Default Adapter failed.
5월 19, 2022 14:01:24.212 [12188:1892:0519/140124.212:ERROR:util.cc(126)] Can't create base directory: C:\Program Files\Google\GoogleUpdater
5월 19, 2022 14:01:33.729 [10252:10296:0519/140133.729:ERROR:device_event_log_impl.cc(214)] [14:01:33.729] Bluetooth: bluetooth_adapter_winrt.cc:1075 Getting Default Adapter failed.
5월 19, 2022 14:02:31.679 [10252:13256:0519/140231.679:ERROR:util.cc(126)] Can't create base directory: C:\Program Files\Google\GoogleUpdater
5월 19, 2022 14:03:42.787 [6752:2740:0519/140342.787:ERROR:device_event_log_impl.cc(214)] [14:03:42.788] Bluetooth: bluetooth_adapter_winrt.cc:1075 Getting Default Adapter failed.
5월 19, 2022 14:04:11.256 [14072:9740:0519/140411.256:ERROR:device_event_log_impl.cc(214)] [14:04:11.256] Bluetooth: bluetooth_adapter_winrt.cc:1075 Getting Default Adapter failed.
5월 19, 2022 14:04:29.866 [8132:7364:0519/140429.866:ERROR:device_event_log_impl.cc(214)] [14:04:29.865] Bluetooth: bluetooth_adapter_winrt.cc:1075 Getting Default Adapter failed.
5월 19, 2022 14:05:30.657 [8380:8112:0519/140530.657:ERROR:device_event_log_impl.cc(214)] [14:05:30.657] Bluetooth: bluetooth_adapter_winrt.cc:1075 Getting Default Adapter failed.
5월 19, 2022 14:05:56.640 [3632:5872:0519/140556.640:ERROR:device_event_log_impl.cc(214)] [14:05:56.639] Bluetooth: bluetooth_adapter_winrt.cc:1075 Getting Default Adapter failed.
5월 19, 2022 14:18:28.03 [14828:9724:0519/141828.003:ERROR:device_event_log_impl.cc(214)] [14:18:28.003] Bluetooth: bluetooth_adapter_winrt.cc:1075 Getting Default Adapter failed.
5월 19, 2022 14:19:41.807 [6172:10924:0519/141941.807:ERROR:device_event_log_impl.cc(214)] [14:19:41.807] Bluetooth: bluetooth_adapter_winrt.cc:1075 Getting Default Adapter failed.
5월 19, 2022 14:21:12.600 [6280:10200:0519/142112.600:ERROR:device_event_log_impl.cc(214)] [14:21:12.601] Bluetooth: bluetooth_adapter_winrt.cc:1075 Getting Default Adapter failed.
5월 19, 2022 14:21:38.102 [4356:8840:0519/142138.102:ERROR:device_event_log_impl.cc(214)] [14:21:38.102] Bluetooth: bluetooth_adapter_winrt.cc:1075 Getting Default Adapter failed.
5월 19, 2022 14:22:33.646 [4356:10180:0519/142233.646:ERROR:util.cc(126)] Can't create base directory: C:\Program Files\Google\GoogleUpdater
5월 19, 2022 14:23:16.44 [7556:15200:0519/142316.044:ERROR:device_event_log_impl.cc(214)] [14:23:16.044] Bluetooth: bluetooth_adapter_winrt.cc:1075 Getting Default Adapter failed.
5월 19, 2022 14:23:44.454 [7200:3712:0519/142344.454:ERROR:device_event_log_impl.cc(214)] [14:23:44.453] Bluetooth: bluetooth_adapter_winrt.cc:1075 Getting Default Adapter failed.
5월 19, 2022 14:24:42.482 [7200:8832:0519/142442.482:ERROR:util.cc(126)] Can't create base directory: C:\Program Files\Google\GoogleUpdater
5월 19, 2022 14:31:53.537 [8764:7512:0519/143153.537:ERROR:device_event_log_impl.cc(214)] [14:31:53.536] Bluetooth: bluetooth_adapter_winrt.cc:1075 Getting Default Adapter failed.
5월 19, 2022 14:32:51.379 [8764:4932:0519/143251.379:ERROR:util.cc(126)] Can't create base directory: C:\Program Files\Google\GoogleUpdater
5월 19, 2022 14:35:02.542 [1120:8504:0519/143502.542:ERROR:device_event_log_impl.cc(214)] [14:35:02.542] Bluetooth: bluetooth_adapter_winrt.cc:1075 Getting Default Adapter failed.
5월 19, 2022 14:36:00.394 [1120:5908:0519/143600.394:ERROR:util.cc(126)] Can't create base directory: C:\Program Files\Google\GoogleUpdater
5월 19, 2022 14:36:37.840 [12616:8188:0519/143637.840:ERROR:device_event_log_impl.cc(214)] [14:36:37.840] Bluetooth: bluetooth_adapter_winrt.cc:1075 Getting Default Adapter failed.
5월 19, 2022 14:37:23.698 [13876:7348:0519/143723.698:ERROR:device_event_log_impl.cc(214)] [14:37:23.698] Bluetooth: bluetooth_adapter_winrt.cc:1075 Getting Default Adapter failed.
5월 19, 2022 14:38:21.598 [13876:9316:0519/143821.598:ERROR:util.cc(126)] Can't create base directory: C:\Program Files\Google\GoogleUpdater
5월 19, 2022 14:40:44.33 [14224:12832:0519/144044.033:ERROR:device_event_log_impl.cc(214)] [14:40:44.033] Bluetooth: bluetooth_adapter_winrt.cc:1075 Getting Default Adapter failed.
5월 19, 2022 14:41:41.979 [14224:15340:0519/144141.979:ERROR:util.cc(126)] Can't create base directory: C:\Program Files\Google\GoogleUpdater
5월 19, 2022 14:43:25.160 [2684:13996:0519/144325.160:ERROR:device_event_log_impl.cc(214)] [14:43:25.160] Bluetooth: bluetooth_adapter_winrt.cc:1075 Getting Default Adapter failed.
5월 19, 2022 14:44:23.77 [2684:4692:0519/144423.077:ERROR:util.cc(126)] Can't create base directory: C:\Program Files\Google\GoogleUpdater
5월 19, 2022 14:45:39.622 [13808:6572:0519/144539.622:ERROR:device_event_log_impl.cc(214)] [14:45:39.622] Bluetooth: bluetooth_adapter_winrt.cc:1075 Getting Default Adapter failed.
5월 19, 2022 15:06:34.180 [8136:13804:0519/150634.180:ERROR:device_event_log_impl.cc(214)] [15:06:34.180] Bluetooth: bluetooth_adapter_winrt.cc:1075 Getting Default Adapter failed.
5월 19, 2022 15:07:32.105 [8136:5164:0519/150732.105:ERROR:util.cc(126)] Can't create base directory: C:\Program Files\Google\GoogleUpdater
5월 19, 2022 15:12:14.627 [8544:13016:0519/151214.627:ERROR:device_event_log_impl.cc(214)] [15:12:14.627] Bluetooth: bluetooth_adapter_winrt.cc:1075 Getting Default Adapter failed.
5월 19, 2022 15:13:10.527 [8544:12540:0519/151310.527:ERROR:util.cc(126)] Can't create base directory: C:\Program Files\Google\GoogleUpdater
5월 19, 2022 16:27:07.993 [13684:6732:0519/162707.993:ERROR:device_event_log_impl.cc(214)] [16:27:07.993] Bluetooth: bluetooth_adapter_winrt.cc:1075 Getting Default Adapter failed.
5월 19, 2022 16:28:05.845 [13684:5652:0519/162805.845:ERROR:util.cc(126)] Can't create base directory: C:\Program Files\Google\GoogleUpdater
5월 19, 2022 16:32:19.661 [2740:1016:0519/163219.661:ERROR:device_event_log_impl.cc(214)] [16:32:19.661] Bluetooth: bluetooth_adapter_winrt.cc:1075 Getting Default Adapter failed.
5월 19, 2022 16:55:25.36 [9492:456:0519/165525.036:ERROR:device_event_log_impl.cc(214)] [16:55:25.036] Bluetooth: bluetooth_adapter_winrt.cc:1075 Getting Default Adapter failed.
5월 19, 2022 16:56:23.25 [9492:8444:0519/165623.025:ERROR:util.cc(126)] Can't create base directory: C:\Program Files\Google\GoogleUpdater
5월 19, 2022 16:56:34.336 [2440:10740:0519/165634.335:ERROR:device_event_log_impl.cc(214)] [16:56:34.336] Bluetooth: bluetooth_adapter_winrt.cc:1075 Getting Default Adapter failed.
5월 19, 2022 16:56:45.936 [7628:7780:0519/165645.936:ERROR:device_event_log_impl.cc(214)] [16:56:45.936] Bluetooth: bluetooth_adapter_winrt.cc:1075 Getting Default Adapter failed.
5월 19, 2022 16:57:43.843 [7628:8264:0519/165743.843:ERROR:util.cc(126)] Can't create base directory: C:\Program Files\Google\GoogleUpdater
5월 19, 2022 17:13:29.488 [2060:556:0519/171329.487:ERROR:device_event_log_impl.cc(214)] [17:13:29.488] Bluetooth: bluetooth_adapter_winrt.cc:1075 Getting Default Adapter failed.
5월 19, 2022 17:14:27.436 [2060:8884:0519/171427.436:ERROR:util.cc(126)] Can't create base directory: C:\Program Files\Google\GoogleUpdater
5월 19, 2022 17:36:34.890 [14836:10920:0519/173634.890:ERROR:device_event_log_impl.cc(214)] [17:36:34.890] Bluetooth: bluetooth_adapter_winrt.cc:1075 Getting Default Adapter failed.
5월 19, 2022 17:36:56.883 [13792:7980:0519/173656.883:ERROR:device_event_log_impl.cc(214)] [17:36:56.883] Bluetooth: bluetooth_adapter_winrt.cc:1075 Getting Default Adapter failed.
5월 19, 2022 17:41:24.779 [12484:10972:0519/174124.779:ERROR:device_event_log_impl.cc(214)] [17:41:24.778] Bluetooth: bluetooth_adapter_winrt.cc:1075 Getting Default Adapter failed.
5월 19, 2022 17:45:52.547 [11596:2140:0519/174552.547:ERROR:device_event_log_impl.cc(214)] [17:45:52.547] Bluetooth: bluetooth_adapter_winrt.cc:1075 Getting Default Adapter failed.
5월 19, 2022 17:47:33.820 [4540:6324:0519/174733.820:ERROR:device_event_log_impl.cc(214)] [17:47:33.821] Bluetooth: bluetooth_adapter_winrt.cc:1075 Getting Default Adapter failed.
5월 19, 2022 17:51:21.744 [10448:892:0519/175121.744:ERROR:device_event_log_impl.cc(214)] [17:51:21.744] Bluetooth: bluetooth_adapter_winrt.cc:1075 Getting Default Adapter failed.
5월 19, 2022 17:52:19.714 [10448:13088:0519/175219.714:ERROR:util.cc(126)] Can't create base directory: C:\Program Files\Google\GoogleUpdater
5월 19, 2022 18:15:37.404 [5184:5752:0519/181537.404:ERROR:device_event_log_impl.cc(214)] [18:15:37.404] Bluetooth: bluetooth_adapter_winrt.cc:1075 Getting Default Adapter failed.
5월 19, 2022 18:16:35.342 [5184:8248:0519/181635.342:ERROR:util.cc(126)] Can't create base directory: C:\Program Files\Google\GoogleUpdater
5월 19, 2022 18:20:56.00 [10192:7728:0519/182056.000:ERROR:device_event_log_impl.cc(214)] [18:20:56.000] Bluetooth: bluetooth_adapter_winrt.cc:1075 Getting Default Adapter failed.
5월 19, 2022 18:21:53.878 [10192:10564:0519/182153.878:ERROR:util.cc(126)] Can't create base directory: C:\Program Files\Google\GoogleUpdater
5월 19, 2022 18:25:48.298 [12044:9900:0519/182548.298:ERROR:device_event_log_impl.cc(214)] [18:25:48.298] Bluetooth: bluetooth_adapter_winrt.cc:1075 Getting Default Adapter failed.
5월 19, 2022 18:26:46.205 [12044:5116:0519/182646.205:ERROR:util.cc(126)] Can't create base directory: C:\Program Files\Google\GoogleUpdater
5월 19, 2022 18:29:00.102 [8340:12140:0519/182900.102:ERROR:device_event_log_impl.cc(214)] [18:29:00.102] Bluetooth: bluetooth_adapter_winrt.cc:1075 Getting Default Adapter failed.
5월 19, 2022 18:29:08.125 [12008:4872:0519/182908.125:ERROR:device_event_log_impl.cc(214)] [18:29:08.125] Bluetooth: bluetooth_adapter_winrt.cc:1075 Getting Default Adapter failed.
5월 19, 2022 18:30:06.09 [12008:7052:0519/183006.009:ERROR:util.cc(126)] Can't create base directory: C:\Program Files\Google\GoogleUpdater

5월 20, 2022 10:03:22.285 NEW SESSION
5월 20, 2022 10:03:22.285 [10788:9316:0520/100322.285:ERROR:device_event_log_impl.cc(214)] [10:03:22.285] Bluetooth: bluetooth_adapter_winrt.cc:1075 Getting Default Adapter failed.
5월 20, 2022 10:04:19.251 [10788:6600:0520/100419.251:ERROR:util.cc(126)] Can't create base directory: C:\Program Files\Google\GoogleUpdater
5월 20, 2022 11:24:43.44 [6296:6048:0520/112443.044:ERROR:device_event_log_impl.cc(214)] [11:24:43.044] Bluetooth: bluetooth_adapter_winrt.cc:1075 Getting Default Adapter failed.
5월 20, 2022 11:25:40.914 [6296:14952:0520/112540.914:ERROR:util.cc(126)] Can't create base directory: C:\Program Files\Google\GoogleUpdater
5월 20, 2022 13:39:20.922 [888:8376:0520/133920.922:ERROR:device_event_log_impl.cc(214)] [13:39:20.923] Bluetooth: bluetooth_adapter_winrt.cc:1075 Getting Default Adapter failed.

5월 20, 2022 13:47:01.410 NEW SESSION
5월 20, 2022 13:47:01.410 [3236:10200:0520/134701.409:ERROR:device_event_log_impl.cc(214)] [13:47:01.409] Bluetooth: bluetooth_adapter_winrt.cc:1075 Getting Default Adapter failed.

5월 23, 2022 14:01:49.955 NEW SESSION
5월 23, 2022 14:01:49.955 [5672:11088:0523/140149.955:ERROR:device_event_log_impl.cc(214)] [14:01:49.954] Bluetooth: bluetooth_adapter_winrt.cc:1075 Getting Default Adapter failed.
5월 23, 2022 14:02:47.925 [5672:16856:0523/140247.925:ERROR:util.cc(126)] Can't create base directory: C:\Program Files\Google\GoogleUpdater
5월 23, 2022 14:06:30.905 [3980:4224:0523/140630.905:ERROR:device_event_log_impl.cc(214)] [14:06:30.906] Bluetooth: bluetooth_adapter_winrt.cc:1075 Getting Default Adapter failed.
5월 23, 2022 14:07:27.52 [3980:2100:0523/140727.051:ERROR:util.cc(126)] Can't create base directory: C:\Program Files\Google\GoogleUpdater
5월 23, 2022 14:15:35.276 [16136:15544:0523/141535.276:ERROR:device_event_log_impl.cc(214)] [14:15:35.275] Bluetooth: bluetooth_adapter_winrt.cc:1075 Getting Default Adapter failed.
5월 23, 2022 14:17:38.51 [17248:7712:0523/141738.051:ERROR:device_event_log_impl.cc(214)] [14:17:38.050] Bluetooth: bluetooth_adapter_winrt.cc:1075 Getting Default Adapter failed.
5월 23, 2022 14:18:34.822 [17248:12596:0523/141834.821:ERROR:util.cc(126)] Can't create base directory: C:\Program Files\Google\GoogleUpdater
5월 23, 2022 14:41:25.592 [2168:13196:0523/144125.591:ERROR:device_event_log_impl.cc(214)] [14:41:25.592] Bluetooth: bluetooth_adapter_winrt.cc:1075 Getting Default Adapter failed.
5월 23, 2022 14:42:22.916 [2168:15964:0523/144222.915:ERROR:util.cc(126)] Can't create base directory: C:\Program Files\Google\GoogleUpdater
5월 23, 2022 15:15:05.18 [2168:13196:0523/151505.018:ERROR:interface_endpoint_client.cc(665)] Message 1 rejected by interface blink.mojom.WidgetHost
5월 23, 2022 15:57:10.736 [14600:13820:0523/155710.736:ERROR:device_event_log_impl.cc(214)] [15:57:10.736] Bluetooth: bluetooth_adapter_winrt.cc:1075 Getting Default Adapter failed.
5월 23, 2022 15:58:08.693 [14600:6428:0523/155808.693:ERROR:util.cc(126)] Can't create base directory: C:\Program Files\Google\GoogleUpdater
5월 23, 2022 15:58:59.131 [11816:4120:0523/155859.131:ERROR:device_event_log_impl.cc(214)] [15:58:59.131] Bluetooth: bluetooth_adapter_winrt.cc:1075 Getting Default Adapter failed.
5월 23, 2022 15:59:57.37 [11816:288:0523/155957.037:ERROR:util.cc(126)] Can't create base directory: C:\Program Files\Google\GoogleUpdater
5월 23, 2022 16:23:46.568 [16720:15112:0523/162346.568:ERROR:device_event_log_impl.cc(214)] [16:23:46.568] Bluetooth: bluetooth_adapter_winrt.cc:1075 Getting Default Adapter failed.
5월 23, 2022 16:24:44.503 [16720:10324:0523/162444.502:ERROR:util.cc(126)] Can't create base directory: C:\Program Files\Google\GoogleUpdater
5월 23, 2022 16:48:33.806 [13900:10200:0523/164833.806:ERROR:device_event_log_impl.cc(214)] [16:48:33.806] Bluetooth: bluetooth_adapter_winrt.cc:1075 Getting Default Adapter failed.
5월 23, 2022 16:49:31.689 [13900:10124:0523/164931.688:ERROR:util.cc(126)] Can't create base directory: C:\Program Files\Google\GoogleUpdater

5월 24, 2022 11:45:38.121 NEW SESSION
5월 24, 2022 11:45:38.121 [1188:1952:0524/114538.120:ERROR:device_event_log_impl.cc(214)] [11:45:38.119] Bluetooth: bluetooth_adapter_winrt.cc:1075 Getting Default Adapter failed.
5월 24, 2022 11:46:36.83 [1188:12456:0524/114636.083:ERROR:util.cc(126)] Can't create base directory: C:\Program Files\Google\GoogleUpdater
5월 24, 2022 11:54:14.781 [6188:14180:0524/115414.781:ERROR:device_event_log_impl.cc(214)] [11:54:14.781] Bluetooth: bluetooth_adapter_winrt.cc:1075 Getting Default Adapter failed.
5월 24, 2022 11:55:12.715 [6188:10976:0524/115512.715:ERROR:util.cc(126)] Can't create base directory: C:\Program Files\Google\GoogleUpdater
5월 24, 2022 14:46:47.928 [6188:14180:0524/144647.928:ERROR:interface_endpoint_client.cc(665)] Message 5 rejected by interface blink.mojom.WidgetHost
5월 24, 2022 16:31:02.194 [12292:164:0524/163102.194:ERROR:device_event_log_impl.cc(214)] [16:31:02.194] Bluetooth: bluetooth_adapter_winrt.cc:1075 Getting Default Adapter failed.
5월 24, 2022 16:32:00.75 [12292:14104:0524/163200.075:ERROR:util.cc(126)] Can't create base directory: C:\Program Files\Google\GoogleUpdater

5월 25, 2022 09:58:28.879 NEW SESSION
5월 25, 2022 09:58:28.879 [1936:556:0525/095828.878:ERROR:device_event_log_impl.cc(214)] [09:58:28.879] Bluetooth: bluetooth_adapter_winrt.cc:1075 Getting Default Adapter failed.
5월 25, 2022 10:00:10.362 [12456:4696:0525/100010.362:ERROR:device_event_log_impl.cc(214)] [10:00:10.362] Bluetooth: bluetooth_adapter_winrt.cc:1075 Getting Default Adapter failed.
5월 25, 2022 10:01:07.518 [12456:13756:0525/100107.517:ERROR:util.cc(126)] Can't create base directory: C:\Program Files\Google\GoogleUpdater
5월 25, 2022 10:02:34.735 [8872:1380:0525/100234.735:ERROR:device_event_log_impl.cc(214)] [10:02:34.735] Bluetooth: bluetooth_adapter_winrt.cc:1075 Getting Default Adapter failed.
5월 25, 2022 10:03:32.722 [8872:7352:0525/100332.721:ERROR:util.cc(126)] Can't create base directory: C:\Program Files\Google\GoogleUpdater
5월 25, 2022 12:22:40.161 [5672:9080:0525/122240.161:ERROR:device_event_log_impl.cc(214)] [12:22:40.161] Bluetooth: bluetooth_adapter_winrt.cc:1075 Getting Default Adapter failed.
5월 25, 2022 12:23:26.502 [10100:12212:0525/122326.501:ERROR:device_event_log_impl.cc(214)] [12:23:26.501] Bluetooth: bluetooth_adapter_winrt.cc:1075 Getting Default Adapter failed.
5월 25, 2022 12:24:24.450 [10100:7000:0525/122424.450:ERROR:util.cc(126)] Can't create base directory: C:\Program Files\Google\GoogleUpdater

5월 25, 2022 18:14:59.554 NEW SESSION
5월 25, 2022 18:14:59.554 [552:12640:0525/181459.554:ERROR:device_event_log_impl.cc(214)] [18:14:59.554] Bluetooth: bluetooth_adapter_winrt.cc:1075 Getting Default Adapter failed.

5월 26, 2022 10:06:01.37 NEW SESSION
5월 26, 2022 10:06:01.37 [10560:13700:0526/100601.037:ERROR:device_event_log_impl.cc(214)] [10:06:01.036] Bluetooth: bluetooth_adapter_winrt.cc:1075 Getting Default Adapter failed.
5월 26, 2022 10:06:58.921 [10560:1376:0526/100658.921:ERROR:util.cc(126)] Can't create base directory: C:\Program Files\Google\GoogleUpdater

5월 27, 2022 10:00:35.427 NEW SESSION
5월 27, 2022 10:00:35.427 [9632:13644:0527/100035.427:ERROR:device_event_log_impl.cc(214)] [10:00:35.427] Bluetooth: bluetooth_adapter_winrt.cc:1075 Getting Default Adapter failed.
5월 27, 2022 10:01:32.400 [9632:13588:0527/100132.400:ERROR:util.cc(126)] Can't create base directory: C:\Program Files\Google\GoogleUpdater
5월 27, 2022 12:41:28.478 [1372:9036:0527/124128.477:ERROR:device_event_log_impl.cc(214)] [12:41:28.477] Bluetooth: bluetooth_adapter_winrt.cc:1075 Getting Default Adapter failed.
5월 27, 2022 12:42:26.379 [1372:7732:0527/124226.379:ERROR:util.cc(126)] Can't create base directory: C:\Program Files\Google\GoogleUpdater
5월 27, 2022 12:44:35.246 [4200:7792:0527/124435.246:ERROR:device_event_log_impl.cc(214)] [12:44:35.246] Bluetooth: bluetooth_adapter_winrt.cc:1075 Getting Default Adapter failed.
5월 27, 2022 12:45:33.207 [4200:12844:0527/124533.206:ERROR:util.cc(126)] Can't create base directory: C:\Program Files\Google\GoogleUpdater
5월 27, 2022 13:50:01.305 [3236:4740:0527/135001.305:ERROR:device_event_log_impl.cc(214)] [13:50:01.305] Bluetooth: bluetooth_adapter_winrt.cc:1075 Getting Default Adapter failed.
5월 27, 2022 13:50:59.170 [3236:5580:0527/135059.170:ERROR:util.cc(126)] Can't create base directory: C:\Program Files\Google\GoogleUpdater
5월 27, 2022 13:53:58.387 [8772:312:0527/135358.387:ERROR:device_event_log_impl.cc(214)] [13:53:58.387] Bluetooth: bluetooth_adapter_winrt.cc:1075 Getting Default Adapter failed.
5월 27, 2022 13:54:56.262 [8772:8276:0527/135456.262:ERROR:util.cc(126)] Can't create base directory: C:\Program Files\Google\GoogleUpdater
5월 27, 2022 15:36:41.461 [6756:1948:0527/153641.461:ERROR:device_event_log_impl.cc(214)] [15:36:41.462] Bluetooth: bluetooth_adapter_winrt.cc:1075 Getting Default Adapter failed.
5월 27, 2022 15:37:39.346 [6756:11740:0527/153739.346:ERROR:util.cc(126)] Can't create base directory: C:\Program Files\Google\GoogleUpdater
5월 27, 2022 15:42:54.339 [8936:8152:0527/154254.339:ERROR:device_event_log_impl.cc(214)] [15:42:54.338] Bluetooth: bluetooth_adapter_winrt.cc:1075 Getting Default Adapter failed.
5월 27, 2022 15:43:50.348 [8936:2368:0527/154350.348:ERROR:util.cc(126)] Can't create base directory: C:\Program Files\Google\GoogleUpdater
5월 27, 2022 16:12:21.339 [14000:3428:0527/161221.339:ERROR:device_event_log_impl.cc(214)] [16:12:21.339] Bluetooth: bluetooth_adapter_winrt.cc:1075 Getting Default Adapter failed.
5월 27, 2022 16:13:17.673 [14000:8808:0527/161317.672:ERROR:util.cc(126)] Can't create base directory: C:\Program Files\Google\GoogleUpdater
5월 27, 2022 16:15:13.64 [1976:13072:0527/161513.064:ERROR:device_event_log_impl.cc(214)] [16:15:13.063] Bluetooth: bluetooth_adapter_winrt.cc:1075 Getting Default Adapter failed.
5월 27, 2022 16:16:10.343 [1976:5772:0527/161610.343:ERROR:util.cc(126)] Can't create base directory: C:\Program Files\Google\GoogleUpdater
5월 27, 2022 16:17:09.827 [6980:8176:0527/161709.827:ERROR:device_event_log_impl.cc(214)] [16:17:09.827] Bluetooth: bluetooth_adapter_winrt.cc:1075 Getting Default Adapter failed.
5월 27, 2022 16:18:07.721 [6980:2440:0527/161807.721:ERROR:util.cc(126)] Can't create base directory: C:\Program Files\Google\GoogleUpdater
5월 27, 2022 16:20:43.552 [7772:8908:0527/162043.551:ERROR:device_event_log_impl.cc(214)] [16:20:43.551] Bluetooth: bluetooth_adapter_winrt.cc:1075 Getting Default Adapter failed.
5월 27, 2022 16:21:41.519 [7772:8868:0527/162141.518:ERROR:util.cc(126)] Can't create base directory: C:\Program Files\Google\GoogleUpdater
5월 27, 2022 16:26:46.900 [2664:3624:0527/162646.900:ERROR:device_event_log_impl.cc(214)] [16:26:46.899] Bluetooth: bluetooth_adapter_winrt.cc:1075 Getting Default Adapter failed.
5월 27, 2022 16:27:44.779 [2664:9080:0527/162744.779:ERROR:util.cc(126)] Can't create base directory: C:\Program Files\Google\GoogleUpdater
5월 27, 2022 17:02:14.486 [6764:12088:0527/170214.486:ERROR:device_event_log_impl.cc(214)] [17:02:14.486] Bluetooth: bluetooth_adapter_winrt.cc:1075 Getting Default Adapter failed.
5월 27, 2022 17:03:12.452 [6764:9236:0527/170312.452:ERROR:util.cc(126)] Can't create base directory: C:\Program Files\Google\GoogleUpdater
5월 27, 2022 17:13:08.159 [13600:12196:0527/171308.159:ERROR:device_event_log_impl.cc(214)] [17:13:08.158] Bluetooth: bluetooth_adapter_winrt.cc:1075 Getting Default Adapter failed.
5월 27, 2022 17:14:04.675 [13600:9912:0527/171404.675:ERROR:util.cc(126)] Can't create base directory: C:\Program Files\Google\GoogleUpdater
5월 27, 2022 17:31:54.402 [13872:10372:0527/173154.402:ERROR:device_event_log_impl.cc(214)] [17:31:54.402] Bluetooth: bluetooth_adapter_winrt.cc:1075 Getting Default Adapter failed.
5월 27, 2022 17:32:52.384 [13872:8204:0527/173252.384:ERROR:util.cc(126)] Can't create base directory: C:\Program Files\Google\GoogleUpdater
5월 27, 2022 17:34:04.133 [4480:6344:0527/173404.133:ERROR:device_event_log_impl.cc(214)] [17:34:04.133] Bluetooth: bluetooth_adapter_winrt.cc:1075 Getting Default Adapter failed.
5월 27, 2022 17:34:59.186 [4480:10952:0527/173459.186:ERROR:util.cc(126)] Can't create base directory: C:\Program Files\Google\GoogleUpdater

5월 30, 2022 10:02:07.21 NEW SESSION
5월 30, 2022 10:02:07.21 [12888:10360:0530/100207.020:ERROR:device_event_log_impl.cc(214)] [10:02:07.020] Bluetooth: bluetooth_adapter_winrt.cc:1075 Getting Default Adapter failed.
5월 30, 2022 10:02:50.413 [7724:7160:0530/100250.413:ERROR:device_event_log_impl.cc(214)] [10:02:50.413] Bluetooth: bluetooth_adapter_winrt.cc:1075 Getting Default Adapter failed.
5월 30, 2022 10:03:32.126 [12796:8916:0530/100332.126:ERROR:device_event_log_impl.cc(214)] [10:03:32.127] Bluetooth: bluetooth_adapter_winrt.cc:1075 Getting Default Adapter failed.
5월 30, 2022 10:04:30.105 [12796:1588:0530/100430.104:ERROR:util.cc(126)] Can't create base directory: C:\Program Files\Google\GoogleUpdater
5월 30, 2022 10:05:53.258 [2516:5776:0530/100553.258:ERROR:device_event_log_impl.cc(214)] [10:05:53.259] Bluetooth: bluetooth_adapter_winrt.cc:1075 Getting Default Adapter failed.
5월 30, 2022 10:05:53.288 [2516:11272:0530/100553.288:ERROR:util.cc(126)] Can't create base directory: C:\Program Files\Google\GoogleUpdater
5월 30, 2022 10:07:10.283 [5172:8612:0530/100710.283:ERROR:device_event_log_impl.cc(214)] [10:07:10.283] Bluetooth: bluetooth_adapter_winrt.cc:1075 Getting Default Adapter failed.
5월 30, 2022 10:07:21.699 [6136:8352:0530/100721.699:ERROR:device_event_log_impl.cc(214)] [10:07:21.699] Bluetooth: bluetooth_adapter_winrt.cc:1075 Getting Default Adapter failed.
5월 30, 2022 10:07:31.302 [3996:8088:0530/100731.302:ERROR:device_event_log_impl.cc(214)] [10:07:31.302] Bluetooth: bluetooth_adapter_winrt.cc:1075 Getting Default Adapter failed.
5월 30, 2022 10:08:29.774 [9500:11252:0530/100829.774:ERROR:device_event_log_impl.cc(214)] [10:08:29.774] Bluetooth: bluetooth_adapter_winrt.cc:1075 Getting Default Adapter failed.
5월 30, 2022 10:09:40.307 [4656:10572:0530/100940.307:ERROR:device_event_log_impl.cc(214)] [10:09:40.308] Bluetooth: bluetooth_adapter_winrt.cc:1075 Getting Default Adapter failed.
5월 30, 2022 10:09:52.630 [6124:11324:0530/100952.630:ERROR:device_event_log_impl.cc(214)] [10:09:52.630] Bluetooth: bluetooth_adapter_winrt.cc:1075 Getting Default Adapter failed.

5월 30, 2022 10:17:11.149 NEW SESSION
5월 30, 2022 10:17:11.149 [6488:3300:0530/101711.148:ERROR:device_event_log_impl.cc(214)] [10:17:11.148] Bluetooth: bluetooth_adapter_winrt.cc:1075 Getting Default Adapter failed.
5월 30, 2022 10:17:43.99 [5152:6208:0530/101743.098:ERROR:device_event_log_impl.cc(214)] [10:17:43.098] Bluetooth: bluetooth_adapter_winrt.cc:1075 Getting Default Adapter failed.
5월 30, 2022 10:32:01.270 [1752:13064:0530/103201.270:ERROR:device_event_log_impl.cc(214)] [10:32:01.270] Bluetooth: bluetooth_adapter_winrt.cc:1075 Getting Default Adapter failed.
5월 30, 2022 10:33:22.647 [3560:11348:0530/103322.646:ERROR:device_event_log_impl.cc(214)] [10:33:22.646] Bluetooth: bluetooth_adapter_winrt.cc:1075 Getting Default Adapter failed.
5월 30, 2022 10:35:02.613 [11956:7536:0530/103502.613:ERROR:device_event_log_impl.cc(214)] [10:35:02.614] Bluetooth: bluetooth_adapter_winrt.cc:1075 Getting Default Adapter failed.

5월 30, 2022 10:40:06.164 NEW SESSION
5월 30, 2022 10:40:06.164 [6448:10968:0530/104006.162:ERROR:device_event_log_impl.cc(214)] [10:40:06.163] Bluetooth: bluetooth_adapter_winrt.cc:1075 Getting Default Adapter failed.
5월 30, 2022 10:41:11.574 [11000:8356:0530/104111.574:ERROR:device_event_log_impl.cc(214)] [10:41:11.575] Bluetooth: bluetooth_adapter_winrt.cc:1075 Getting Default Adapter failed.
5월 30, 2022 10:46:49.961 [9364:6864:0530/104649.961:ERROR:device_event_log_impl.cc(214)] [10:46:49.962] Bluetooth: bluetooth_adapter_winrt.cc:1075 Getting Default Adapter failed.
5월 30, 2022 11:00:32.771 [1900:4012:0530/110032.771:ERROR:device_event_log_impl.cc(214)] [11:00:32.771] Bluetooth: bluetooth_adapter_winrt.cc:1075 Getting Default Adapter failed.
5월 30, 2022 11:01:28.717 [1900:10008:0530/110128.717:ERROR:util.cc(126)] Can't create base directory: C:\Program Files\Google\GoogleUpdater
5월 30, 2022 11:03:47.435 [8660:11860:0530/110347.434:ERROR:device_event_log_impl.cc(214)] [11:03:47.434] Bluetooth: bluetooth_adapter_winrt.cc:1075 Getting Default Adapter failed.
5월 30, 2022 11:04:42.444 [8660:5588:0530/110442.444:ERROR:util.cc(126)] Can't create base directory: C:\Program Files\Google\GoogleUpdater

5월 30, 2022 12:53:58.389 NEW SESSION
5월 30, 2022 12:53:58.389 [7824:2420:0530/125358.388:ERROR:device_event_log_impl.cc(214)] [12:53:58.389] Bluetooth: bluetooth_adapter_winrt.cc:1075 Getting Default Adapter failed.
5월 30, 2022 12:54:56.277 [7824:12228:0530/125456.276:ERROR:util.cc(126)] Can't create base directory: C:\Program Files\Google\GoogleUpdater
